{"C:\\Users\\homur\\Desktop\\2024_react+vite\\React-Hono-Todo-TypeScript-Cloudflare-Drizzle\\client\\src\\components\\Todo.tsx": {"path":"C:\\Users\\homur\\Desktop\\2024_react+vite\\React-Hono-Todo-TypeScript-Cloudflare-Drizzle\\client\\src\\components\\Todo.tsx","all":false,"statementMap":{"0":{"start":{"line":1,"column":0},"end":{"line":1,"column":33}},"9":{"start":{"line":10,"column":0},"end":{"line":10,"column":60}},"10":{"start":{"line":11,"column":0},"end":{"line":11,"column":61}},"11":{"start":{"line":12,"column":0},"end":{"line":12,"column":65}},"12":{"start":{"line":13,"column":0},"end":{"line":13,"column":58}},"13":{"start":{"line":14,"column":0},"end":{"line":14,"column":26}},"16":{"start":{"line":17,"column":0},"end":{"line":17,"column":28}},"17":{"start":{"line":18,"column":0},"end":{"line":18,"column":52}},"18":{"start":{"line":19,"column":0},"end":{"line":19,"column":24}},"19":{"start":{"line":20,"column":0},"end":{"line":20,"column":4}},"21":{"start":{"line":22,"column":0},"end":{"line":22,"column":34}},"22":{"start":{"line":23,"column":0},"end":{"line":23,"column":33}},"23":{"start":{"line":24,"column":0},"end":{"line":24,"column":54}},"24":{"start":{"line":25,"column":0},"end":{"line":25,"column":4}},"26":{"start":{"line":27,"column":0},"end":{"line":27,"column":10}},"27":{"start":{"line":28,"column":0},"end":{"line":28,"column":99}},"28":{"start":{"line":29,"column":0},"end":{"line":29,"column":51}},"29":{"start":{"line":30,"column":0},"end":{"line":30,"column":14}},"30":{"start":{"line":31,"column":0},"end":{"line":31,"column":163}},"31":{"start":{"line":32,"column":0},"end":{"line":32,"column":25}},"32":{"start":{"line":33,"column":0},"end":{"line":33,"column":31}},"33":{"start":{"line":34,"column":0},"end":{"line":34,"column":37}},"35":{"start":{"line":36,"column":0},"end":{"line":36,"column":22}},"36":{"start":{"line":37,"column":0},"end":{"line":37,"column":16}},"37":{"start":{"line":38,"column":0},"end":{"line":38,"column":23}},"38":{"start":{"line":39,"column":0},"end":{"line":39,"column":47}},"39":{"start":{"line":40,"column":0},"end":{"line":40,"column":29}},"40":{"start":{"line":41,"column":0},"end":{"line":41,"column":58}},"43":{"start":{"line":44,"column":0},"end":{"line":44,"column":15}},"44":{"start":{"line":45,"column":0},"end":{"line":45,"column":59}},"45":{"start":{"line":46,"column":0},"end":{"line":46,"column":47}},"46":{"start":{"line":47,"column":0},"end":{"line":47,"column":15}},"48":{"start":{"line":49,"column":0},"end":{"line":49,"column":24}},"52":{"start":{"line":53,"column":0},"end":{"line":53,"column":38}},"53":{"start":{"line":54,"column":0},"end":{"line":54,"column":22}},"54":{"start":{"line":55,"column":0},"end":{"line":55,"column":50}},"56":{"start":{"line":57,"column":0},"end":{"line":57,"column":17}},"57":{"start":{"line":58,"column":0},"end":{"line":58,"column":57}},"58":{"start":{"line":59,"column":0},"end":{"line":59,"column":46}},"59":{"start":{"line":60,"column":0},"end":{"line":60,"column":29}},"61":{"start":{"line":62,"column":0},"end":{"line":62,"column":16}},"62":{"start":{"line":63,"column":0},"end":{"line":63,"column":33}},"63":{"start":{"line":64,"column":0},"end":{"line":64,"column":33}},"64":{"start":{"line":65,"column":0},"end":{"line":65,"column":33}},"65":{"start":{"line":66,"column":0},"end":{"line":66,"column":48}},"67":{"start":{"line":68,"column":0},"end":{"line":68,"column":146}},"72":{"start":{"line":73,"column":0},"end":{"line":73,"column":15}},"73":{"start":{"line":74,"column":0},"end":{"line":74,"column":53}},"74":{"start":{"line":75,"column":0},"end":{"line":75,"column":51}},"75":{"start":{"line":76,"column":0},"end":{"line":76,"column":29}},"77":{"start":{"line":78,"column":0},"end":{"line":78,"column":14}},"78":{"start":{"line":79,"column":0},"end":{"line":79,"column":31}},"79":{"start":{"line":80,"column":0},"end":{"line":80,"column":31}},"80":{"start":{"line":81,"column":0},"end":{"line":81,"column":31}},"81":{"start":{"line":82,"column":0},"end":{"line":82,"column":46}},"83":{"start":{"line":84,"column":0},"end":{"line":84,"column":17}},"84":{"start":{"line":85,"column":0},"end":{"line":85,"column":32}},"85":{"start":{"line":86,"column":0},"end":{"line":86,"column":221}},"86":{"start":{"line":87,"column":0},"end":{"line":87,"column":32}},"93":{"start":{"line":94,"column":0},"end":{"line":94,"column":2}},"95":{"start":{"line":96,"column":0},"end":{"line":96,"column":24}}},"s":{"0":1,"9":1,"10":37,"11":37,"12":37,"13":37,"16":37,"17":1,"18":1,"19":1,"21":37,"22":0,"23":0,"24":0,"26":37,"27":37,"28":37,"29":37,"30":37,"31":37,"32":37,"33":37,"35":37,"36":9,"37":9,"38":9,"39":9,"40":9,"43":37,"44":37,"45":37,"46":37,"48":37,"52":37,"53":37,"54":9,"56":37,"57":37,"58":37,"59":37,"61":37,"62":37,"63":37,"64":37,"65":37,"67":37,"72":37,"73":37,"74":37,"75":37,"77":37,"78":37,"79":37,"80":37,"81":37,"83":37,"84":37,"85":37,"86":37,"93":37,"95":1},"branchMap":{"0":{"type":"branch","line":10,"loc":{"start":{"line":10,"column":17},"end":{"line":94,"column":2}},"locations":[{"start":{"line":10,"column":17},"end":{"line":94,"column":2}}]},"1":{"type":"branch","line":36,"loc":{"start":{"line":36,"column":9},"end":{"line":44,"column":11}},"locations":[{"start":{"line":36,"column":9},"end":{"line":44,"column":11}}]},"2":{"type":"branch","line":46,"loc":{"start":{"line":46,"column":28},"end":{"line":46,"column":47}},"locations":[{"start":{"line":46,"column":28},"end":{"line":46,"column":47}}]},"3":{"type":"branch","line":54,"loc":{"start":{"line":54,"column":9},"end":{"line":57,"column":11}},"locations":[{"start":{"line":54,"column":9},"end":{"line":57,"column":11}}]},"4":{"type":"branch","line":17,"loc":{"start":{"line":17,"column":21},"end":{"line":20,"column":4}},"locations":[{"start":{"line":17,"column":21},"end":{"line":20,"column":4}}]},"5":{"type":"branch","line":41,"loc":{"start":{"line":41,"column":22},"end":{"line":41,"column":58}},"locations":[{"start":{"line":41,"column":22},"end":{"line":41,"column":58}}]},"6":{"type":"branch","line":59,"loc":{"start":{"line":59,"column":21},"end":{"line":59,"column":46}},"locations":[{"start":{"line":59,"column":21},"end":{"line":59,"column":46}}]},"7":{"type":"branch","line":75,"loc":{"start":{"line":75,"column":19},"end":{"line":75,"column":51}},"locations":[{"start":{"line":75,"column":19},"end":{"line":75,"column":51}}]}},"b":{"0":[37],"1":[9],"2":[0],"3":[9],"4":[1],"5":[8],"6":[1],"7":[1]},"fnMap":{"0":{"name":"TodoItem","decl":{"start":{"line":10,"column":17},"end":{"line":94,"column":2}},"loc":{"start":{"line":10,"column":17},"end":{"line":94,"column":2}},"line":10},"1":{"name":"handleSave","decl":{"start":{"line":17,"column":21},"end":{"line":20,"column":4}},"loc":{"start":{"line":17,"column":21},"end":{"line":20,"column":4}},"line":17},"2":{"name":"toggleCompletion","decl":{"start":{"line":22,"column":27},"end":{"line":25,"column":4}},"loc":{"start":{"line":22,"column":27},"end":{"line":25,"column":4}},"line":22},"3":{"name":"onChange","decl":{"start":{"line":41,"column":22},"end":{"line":41,"column":58}},"loc":{"start":{"line":41,"column":22},"end":{"line":41,"column":58}},"line":41},"4":{"name":"onClick","decl":{"start":{"line":59,"column":21},"end":{"line":59,"column":46}},"loc":{"start":{"line":59,"column":21},"end":{"line":59,"column":46}},"line":59},"5":{"name":"onClick","decl":{"start":{"line":75,"column":19},"end":{"line":75,"column":51}},"loc":{"start":{"line":75,"column":19},"end":{"line":75,"column":51}},"line":75}},"f":{"0":37,"1":1,"2":0,"3":8,"4":1,"5":1}}
,"C:\\Users\\homur\\Desktop\\2024_react+vite\\React-Hono-Todo-TypeScript-Cloudflare-Drizzle\\client\\src\\components\\TodoApp.tsx": {"path":"C:\\Users\\homur\\Desktop\\2024_react+vite\\React-Hono-Todo-TypeScript-Cloudflare-Drizzle\\client\\src\\components\\TodoApp.tsx","all":false,"statementMap":{"0":{"start":{"line":1,"column":0},"end":{"line":1,"column":36}},"1":{"start":{"line":2,"column":0},"end":{"line":2,"column":34}},"2":{"start":{"line":3,"column":0},"end":{"line":3,"column":47}},"3":{"start":{"line":4,"column":0},"end":{"line":4,"column":63}},"5":{"start":{"line":6,"column":0},"end":{"line":6,"column":23}},"6":{"start":{"line":7,"column":0},"end":{"line":7,"column":60}},"7":{"start":{"line":8,"column":0},"end":{"line":8,"column":41}},"8":{"start":{"line":9,"column":0},"end":{"line":9,"column":37}},"10":{"start":{"line":11,"column":0},"end":{"line":11,"column":40}},"11":{"start":{"line":12,"column":0},"end":{"line":12,"column":30}},"12":{"start":{"line":13,"column":0},"end":{"line":13,"column":4}},"14":{"start":{"line":15,"column":0},"end":{"line":15,"column":75}},"15":{"start":{"line":16,"column":0},"end":{"line":16,"column":52}},"16":{"start":{"line":17,"column":0},"end":{"line":17,"column":4}},"18":{"start":{"line":19,"column":0},"end":{"line":19,"column":46}},"19":{"start":{"line":20,"column":0},"end":{"line":20,"column":54}},"21":{"start":{"line":22,"column":0},"end":{"line":22,"column":10}},"22":{"start":{"line":23,"column":0},"end":{"line":23,"column":102}},"23":{"start":{"line":24,"column":0},"end":{"line":24,"column":90}},"24":{"start":{"line":25,"column":0},"end":{"line":25,"column":81}},"27":{"start":{"line":28,"column":0},"end":{"line":28,"column":21}},"28":{"start":{"line":29,"column":0},"end":{"line":29,"column":78}},"32":{"start":{"line":33,"column":0},"end":{"line":33,"column":2}},"34":{"start":{"line":35,"column":0},"end":{"line":35,"column":23}}},"s":{"0":1,"1":1,"2":1,"3":1,"5":1,"6":12,"7":12,"8":12,"10":12,"11":1,"12":1,"14":12,"15":1,"16":1,"18":12,"19":12,"21":12,"22":12,"23":12,"24":12,"27":12,"28":12,"32":12,"34":1},"branchMap":{"0":{"type":"branch","line":6,"loc":{"start":{"line":6,"column":16},"end":{"line":33,"column":2}},"locations":[{"start":{"line":6,"column":16},"end":{"line":33,"column":2}}]},"1":{"type":"branch","line":11,"loc":{"start":{"line":11,"column":23},"end":{"line":13,"column":4}},"locations":[{"start":{"line":11,"column":23},"end":{"line":13,"column":4}}]},"2":{"type":"branch","line":15,"loc":{"start":{"line":15,"column":21},"end":{"line":17,"column":4}},"locations":[{"start":{"line":15,"column":21},"end":{"line":17,"column":4}}]}},"b":{"0":[12],"1":[1],"2":[1]},"fnMap":{"0":{"name":"TodoApp","decl":{"start":{"line":6,"column":16},"end":{"line":33,"column":2}},"loc":{"start":{"line":6,"column":16},"end":{"line":33,"column":2}},"line":6},"1":{"name":"handleDelete","decl":{"start":{"line":11,"column":23},"end":{"line":13,"column":4}},"loc":{"start":{"line":11,"column":23},"end":{"line":13,"column":4}},"line":11},"2":{"name":"handleEdit","decl":{"start":{"line":15,"column":21},"end":{"line":17,"column":4}},"loc":{"start":{"line":15,"column":21},"end":{"line":17,"column":4}},"line":15}},"f":{"0":12,"1":1,"2":1}}
,"C:\\Users\\homur\\Desktop\\2024_react+vite\\React-Hono-Todo-TypeScript-Cloudflare-Drizzle\\client\\src\\components\\TodoInput.tsx": {"path":"C:\\Users\\homur\\Desktop\\2024_react+vite\\React-Hono-Todo-TypeScript-Cloudflare-Drizzle\\client\\src\\components\\TodoInput.tsx","all":false,"statementMap":{"0":{"start":{"line":1,"column":0},"end":{"line":1,"column":33}},"1":{"start":{"line":2,"column":0},"end":{"line":2,"column":47}},"3":{"start":{"line":4,"column":0},"end":{"line":4,"column":25}},"4":{"start":{"line":5,"column":0},"end":{"line":5,"column":57}},"5":{"start":{"line":6,"column":0},"end":{"line":6,"column":32}},"7":{"start":{"line":8,"column":0},"end":{"line":8,"column":10}},"8":{"start":{"line":9,"column":0},"end":{"line":9,"column":44}},"9":{"start":{"line":10,"column":0},"end":{"line":10,"column":12}},"10":{"start":{"line":11,"column":0},"end":{"line":11,"column":181}},"11":{"start":{"line":12,"column":0},"end":{"line":12,"column":36}},"12":{"start":{"line":13,"column":0},"end":{"line":13,"column":19}},"13":{"start":{"line":14,"column":0},"end":{"line":14,"column":61}},"14":{"start":{"line":15,"column":0},"end":{"line":15,"column":38}},"16":{"start":{"line":17,"column":0},"end":{"line":17,"column":25}},"18":{"start":{"line":19,"column":0},"end":{"line":19,"column":13}},"19":{"start":{"line":20,"column":0},"end":{"line":20,"column":24}},"20":{"start":{"line":21,"column":0},"end":{"line":21,"column":48}},"21":{"start":{"line":22,"column":0},"end":{"line":22,"column":27}},"22":{"start":{"line":23,"column":0},"end":{"line":23,"column":10}},"23":{"start":{"line":24,"column":0},"end":{"line":24,"column":93}},"24":{"start":{"line":25,"column":0},"end":{"line":25,"column":7}},"29":{"start":{"line":30,"column":0},"end":{"line":30,"column":2}},"31":{"start":{"line":32,"column":0},"end":{"line":32,"column":25}}},"s":{"0":1,"1":1,"3":1,"4":45,"5":45,"7":45,"8":45,"9":45,"10":45,"11":45,"12":45,"13":45,"14":28,"16":45,"18":45,"19":45,"20":3,"21":3,"22":3,"23":45,"24":45,"29":45,"31":1},"branchMap":{"0":{"type":"branch","line":4,"loc":{"start":{"line":4,"column":18},"end":{"line":30,"column":2}},"locations":[{"start":{"line":4,"column":18},"end":{"line":30,"column":2}}]},"1":{"type":"branch","line":14,"loc":{"start":{"line":14,"column":18},"end":{"line":15,"column":38}},"locations":[{"start":{"line":14,"column":18},"end":{"line":15,"column":38}}]},"2":{"type":"branch","line":20,"loc":{"start":{"line":20,"column":17},"end":{"line":23,"column":10}},"locations":[{"start":{"line":20,"column":17},"end":{"line":23,"column":10}}]}},"b":{"0":[45],"1":[28],"2":[3]},"fnMap":{"0":{"name":"TodoInput","decl":{"start":{"line":4,"column":18},"end":{"line":30,"column":2}},"loc":{"start":{"line":4,"column":18},"end":{"line":30,"column":2}},"line":4},"1":{"name":"onChange","decl":{"start":{"line":14,"column":18},"end":{"line":15,"column":38}},"loc":{"start":{"line":14,"column":18},"end":{"line":15,"column":38}},"line":14},"2":{"name":"onClick","decl":{"start":{"line":20,"column":17},"end":{"line":23,"column":10}},"loc":{"start":{"line":20,"column":17},"end":{"line":23,"column":10}},"line":20}},"f":{"0":45,"1":28,"2":3}}
,"C:\\Users\\homur\\Desktop\\2024_react+vite\\React-Hono-Todo-TypeScript-Cloudflare-Drizzle\\client\\src\\components\\TodoList.tsx": {"path":"C:\\Users\\homur\\Desktop\\2024_react+vite\\React-Hono-Todo-TypeScript-Cloudflare-Drizzle\\client\\src\\components\\TodoList.tsx","all":false,"statementMap":{"0":{"start":{"line":1,"column":0},"end":{"line":1,"column":30}},"9":{"start":{"line":10,"column":0},"end":{"line":10,"column":67}},"10":{"start":{"line":11,"column":0},"end":{"line":11,"column":10}},"11":{"start":{"line":12,"column":0},"end":{"line":12,"column":31}},"12":{"start":{"line":13,"column":0},"end":{"line":13,"column":28}},"13":{"start":{"line":14,"column":0},"end":{"line":14,"column":17}},"14":{"start":{"line":15,"column":0},"end":{"line":15,"column":23}},"15":{"start":{"line":16,"column":0},"end":{"line":16,"column":21}},"16":{"start":{"line":17,"column":0},"end":{"line":17,"column":29}},"17":{"start":{"line":18,"column":0},"end":{"line":18,"column":25}},"22":{"start":{"line":23,"column":0},"end":{"line":23,"column":2}},"24":{"start":{"line":25,"column":0},"end":{"line":25,"column":24}}},"s":{"0":1,"9":1,"10":11,"11":11,"12":11,"13":11,"14":11,"15":11,"16":11,"17":11,"22":11,"24":1},"branchMap":{"0":{"type":"branch","line":10,"loc":{"start":{"line":10,"column":17},"end":{"line":23,"column":2}},"locations":[{"start":{"line":10,"column":17},"end":{"line":23,"column":2}}]}},"b":{"0":[11]},"fnMap":{"0":{"name":"TodoList","decl":{"start":{"line":10,"column":17},"end":{"line":23,"column":2}},"loc":{"start":{"line":10,"column":17},"end":{"line":23,"column":2}},"line":10}},"f":{"0":11}}
,"C:\\Users\\homur\\Desktop\\2024_react+vite\\React-Hono-Todo-TypeScript-Cloudflare-Drizzle\\client\\src\\hooks\\mutation.ts": {"path":"C:\\Users\\homur\\Desktop\\2024_react+vite\\React-Hono-Todo-TypeScript-Cloudflare-Drizzle\\client\\src\\hooks\\mutation.ts","all":false,"statementMap":{"0":{"start":{"line":1,"column":0},"end":{"line":1,"column":38}},"3":{"start":{"line":4,"column":0},"end":{"line":4,"column":33}},"4":{"start":{"line":5,"column":0},"end":{"line":5,"column":39}},"6":{"start":{"line":7,"column":0},"end":{"line":7,"column":22}},"7":{"start":{"line":8,"column":0},"end":{"line":8,"column":42}},"8":{"start":{"line":9,"column":0},"end":{"line":9,"column":67}},"9":{"start":{"line":10,"column":0},"end":{"line":10,"column":23}},"10":{"start":{"line":11,"column":0},"end":{"line":11,"column":18}},"11":{"start":{"line":12,"column":0},"end":{"line":12,"column":45}},"12":{"start":{"line":13,"column":0},"end":{"line":13,"column":10}},"13":{"start":{"line":14,"column":0},"end":{"line":14,"column":38}},"14":{"start":{"line":15,"column":0},"end":{"line":15,"column":9}},"15":{"start":{"line":16,"column":0},"end":{"line":16,"column":6}},"16":{"start":{"line":17,"column":0},"end":{"line":17,"column":22}},"17":{"start":{"line":18,"column":0},"end":{"line":18,"column":83}},"18":{"start":{"line":19,"column":0},"end":{"line":19,"column":6}},"19":{"start":{"line":20,"column":0},"end":{"line":20,"column":5}},"20":{"start":{"line":21,"column":0},"end":{"line":21,"column":2}},"22":{"start":{"line":23,"column":0},"end":{"line":23,"column":36}},"23":{"start":{"line":24,"column":0},"end":{"line":24,"column":39}},"25":{"start":{"line":26,"column":0},"end":{"line":26,"column":22}},"26":{"start":{"line":27,"column":0},"end":{"line":27,"column":39}},"27":{"start":{"line":28,"column":0},"end":{"line":28,"column":73}},"28":{"start":{"line":29,"column":0},"end":{"line":29,"column":25}},"29":{"start":{"line":30,"column":0},"end":{"line":30,"column":9}},"30":{"start":{"line":31,"column":0},"end":{"line":31,"column":6}},"31":{"start":{"line":32,"column":0},"end":{"line":32,"column":22}},"32":{"start":{"line":33,"column":0},"end":{"line":33,"column":83}},"33":{"start":{"line":34,"column":0},"end":{"line":34,"column":6}},"34":{"start":{"line":35,"column":0},"end":{"line":35,"column":5}},"35":{"start":{"line":36,"column":0},"end":{"line":36,"column":2}},"37":{"start":{"line":38,"column":0},"end":{"line":38,"column":34}},"38":{"start":{"line":39,"column":0},"end":{"line":39,"column":39}},"40":{"start":{"line":41,"column":0},"end":{"line":41,"column":22}},"41":{"start":{"line":42,"column":0},"end":{"line":42,"column":24}},"42":{"start":{"line":43,"column":0},"end":{"line":43,"column":9}},"43":{"start":{"line":44,"column":0},"end":{"line":44,"column":12}},"44":{"start":{"line":45,"column":0},"end":{"line":45,"column":18}},"49":{"start":{"line":50,"column":0},"end":{"line":50,"column":11}},"50":{"start":{"line":51,"column":0},"end":{"line":51,"column":51}},"51":{"start":{"line":52,"column":0},"end":{"line":52,"column":73}},"52":{"start":{"line":53,"column":0},"end":{"line":53,"column":22}},"53":{"start":{"line":54,"column":0},"end":{"line":54,"column":18}},"54":{"start":{"line":55,"column":0},"end":{"line":55,"column":45}},"55":{"start":{"line":56,"column":0},"end":{"line":56,"column":10}},"56":{"start":{"line":57,"column":0},"end":{"line":57,"column":52}},"57":{"start":{"line":58,"column":0},"end":{"line":58,"column":9}},"58":{"start":{"line":59,"column":0},"end":{"line":59,"column":6}},"59":{"start":{"line":60,"column":0},"end":{"line":60,"column":22}},"60":{"start":{"line":61,"column":0},"end":{"line":61,"column":83}},"61":{"start":{"line":62,"column":0},"end":{"line":62,"column":6}},"62":{"start":{"line":63,"column":0},"end":{"line":63,"column":5}},"63":{"start":{"line":64,"column":0},"end":{"line":64,"column":2}}},"s":{"0":1,"3":1,"4":45,"6":45,"7":45,"8":3,"9":3,"10":3,"11":3,"12":3,"13":3,"14":3,"15":3,"16":45,"17":3,"18":3,"19":45,"20":45,"22":1,"23":12,"25":12,"26":12,"27":1,"28":1,"29":1,"30":1,"31":12,"32":1,"33":1,"34":12,"35":12,"37":1,"38":12,"40":12,"41":12,"42":1,"43":1,"44":1,"49":1,"50":1,"51":1,"52":1,"53":1,"54":1,"55":1,"56":1,"57":1,"58":1,"59":12,"60":1,"61":1,"62":12,"63":12},"branchMap":{"0":{"type":"branch","line":4,"loc":{"start":{"line":4,"column":26},"end":{"line":21,"column":2}},"locations":[{"start":{"line":4,"column":26},"end":{"line":21,"column":2}}]},"1":{"type":"branch","line":8,"loc":{"start":{"line":8,"column":16},"end":{"line":16,"column":6}},"locations":[{"start":{"line":8,"column":16},"end":{"line":16,"column":6}}]},"2":{"type":"branch","line":17,"loc":{"start":{"line":17,"column":15},"end":{"line":19,"column":6}},"locations":[{"start":{"line":17,"column":15},"end":{"line":19,"column":6}}]},"3":{"type":"branch","line":23,"loc":{"start":{"line":23,"column":29},"end":{"line":36,"column":2}},"locations":[{"start":{"line":23,"column":29},"end":{"line":36,"column":2}}]},"4":{"type":"branch","line":27,"loc":{"start":{"line":27,"column":16},"end":{"line":31,"column":6}},"locations":[{"start":{"line":27,"column":16},"end":{"line":31,"column":6}}]},"5":{"type":"branch","line":32,"loc":{"start":{"line":32,"column":15},"end":{"line":34,"column":6}},"locations":[{"start":{"line":32,"column":15},"end":{"line":34,"column":6}}]},"6":{"type":"branch","line":38,"loc":{"start":{"line":38,"column":27},"end":{"line":64,"column":2}},"locations":[{"start":{"line":38,"column":27},"end":{"line":64,"column":2}}]},"7":{"type":"branch","line":42,"loc":{"start":{"line":42,"column":16},"end":{"line":59,"column":6}},"locations":[{"start":{"line":42,"column":16},"end":{"line":59,"column":6}}]},"8":{"type":"branch","line":51,"loc":{"start":{"line":51,"column":35},"end":{"line":51,"column":51}},"locations":[{"start":{"line":51,"column":35},"end":{"line":51,"column":51}}]},"9":{"type":"branch","line":60,"loc":{"start":{"line":60,"column":15},"end":{"line":62,"column":6}},"locations":[{"start":{"line":60,"column":15},"end":{"line":62,"column":6}}]}},"b":{"0":[45],"1":[3],"2":[3],"3":[12],"4":[1],"5":[1],"6":[12],"7":[1],"8":[0],"9":[1]},"fnMap":{"0":{"name":"useAddTodo","decl":{"start":{"line":4,"column":26},"end":{"line":21,"column":2}},"loc":{"start":{"line":4,"column":26},"end":{"line":21,"column":2}},"line":4},"1":{"name":"mutationFn","decl":{"start":{"line":8,"column":16},"end":{"line":16,"column":6}},"loc":{"start":{"line":8,"column":16},"end":{"line":16,"column":6}},"line":8},"2":{"name":"onSuccess","decl":{"start":{"line":17,"column":15},"end":{"line":19,"column":6}},"loc":{"start":{"line":17,"column":15},"end":{"line":19,"column":6}},"line":17},"3":{"name":"useDeleteTodo","decl":{"start":{"line":23,"column":29},"end":{"line":36,"column":2}},"loc":{"start":{"line":23,"column":29},"end":{"line":36,"column":2}},"line":23},"4":{"name":"mutationFn","decl":{"start":{"line":27,"column":16},"end":{"line":31,"column":6}},"loc":{"start":{"line":27,"column":16},"end":{"line":31,"column":6}},"line":27},"5":{"name":"onSuccess","decl":{"start":{"line":32,"column":15},"end":{"line":34,"column":6}},"loc":{"start":{"line":32,"column":15},"end":{"line":34,"column":6}},"line":32},"6":{"name":"useEditTodo","decl":{"start":{"line":38,"column":27},"end":{"line":64,"column":2}},"loc":{"start":{"line":38,"column":27},"end":{"line":64,"column":2}},"line":38},"7":{"name":"mutationFn","decl":{"start":{"line":42,"column":16},"end":{"line":59,"column":6}},"loc":{"start":{"line":42,"column":16},"end":{"line":59,"column":6}},"line":42},"8":{"name":"onSuccess","decl":{"start":{"line":60,"column":15},"end":{"line":62,"column":6}},"loc":{"start":{"line":60,"column":15},"end":{"line":62,"column":6}},"line":60}},"f":{"0":45,"1":3,"2":3,"3":12,"4":1,"5":1,"6":12,"7":1,"8":1}}
,"C:\\Users\\homur\\Desktop\\2024_react+vite\\React-Hono-Todo-TypeScript-Cloudflare-Drizzle\\client\\src\\hooks\\query.ts": {"path":"C:\\Users\\homur\\Desktop\\2024_react+vite\\React-Hono-Todo-TypeScript-Cloudflare-Drizzle\\client\\src\\hooks\\query.ts","all":false,"statementMap":{"0":{"start":{"line":1,"column":0},"end":{"line":1,"column":49}},"2":{"start":{"line":3,"column":0},"end":{"line":3,"column":36}},"3":{"start":{"line":4,"column":0},"end":{"line":4,"column":19}},"4":{"start":{"line":5,"column":0},"end":{"line":5,"column":24}},"5":{"start":{"line":6,"column":0},"end":{"line":6,"column":26}},"6":{"start":{"line":7,"column":0},"end":{"line":7,"column":76}},"7":{"start":{"line":8,"column":0},"end":{"line":8,"column":25}},"8":{"start":{"line":9,"column":0},"end":{"line":9,"column":55}},"9":{"start":{"line":10,"column":0},"end":{"line":10,"column":7}},"11":{"start":{"line":12,"column":0},"end":{"line":12,"column":29}},"12":{"start":{"line":13,"column":0},"end":{"line":13,"column":6}},"13":{"start":{"line":14,"column":0},"end":{"line":14,"column":5}},"14":{"start":{"line":15,"column":0},"end":{"line":15,"column":2}}},"s":{"0":1,"2":1,"3":12,"4":12,"5":12,"6":11,"7":11,"8":0,"9":0,"11":11,"12":11,"13":12,"14":12},"branchMap":{"0":{"type":"branch","line":3,"loc":{"start":{"line":3,"column":29},"end":{"line":15,"column":2}},"locations":[{"start":{"line":3,"column":29},"end":{"line":15,"column":2}}]},"1":{"type":"branch","line":6,"loc":{"start":{"line":6,"column":13},"end":{"line":13,"column":6}},"locations":[{"start":{"line":6,"column":13},"end":{"line":13,"column":6}}]},"2":{"type":"branch","line":8,"loc":{"start":{"line":8,"column":24},"end":{"line":10,"column":7}},"locations":[{"start":{"line":8,"column":24},"end":{"line":10,"column":7}}]}},"b":{"0":[12],"1":[11],"2":[0]},"fnMap":{"0":{"name":"useFetchTodos","decl":{"start":{"line":3,"column":29},"end":{"line":15,"column":2}},"loc":{"start":{"line":3,"column":29},"end":{"line":15,"column":2}},"line":3},"1":{"name":"queryFn","decl":{"start":{"line":6,"column":13},"end":{"line":13,"column":6}},"loc":{"start":{"line":6,"column":13},"end":{"line":13,"column":6}},"line":6}},"f":{"0":12,"1":11}}
,"C:\\Users\\homur\\Desktop\\2024_react+vite\\React-Hono-Todo-TypeScript-Cloudflare-Drizzle\\client\\src\\test\\mocks\\handlers.ts": {"path":"C:\\Users\\homur\\Desktop\\2024_react+vite\\React-Hono-Todo-TypeScript-Cloudflare-Drizzle\\client\\src\\test\\mocks\\handlers.ts","all":false,"statementMap":{"0":{"start":{"line":1,"column":0},"end":{"line":1,"column":46}},"4":{"start":{"line":5,"column":0},"end":{"line":5,"column":23}},"5":{"start":{"line":6,"column":0},"end":{"line":6,"column":21}},"6":{"start":{"line":7,"column":0},"end":{"line":7,"column":18}},"7":{"start":{"line":8,"column":0},"end":{"line":8,"column":11}},"8":{"start":{"line":9,"column":0},"end":{"line":9,"column":74}},"9":{"start":{"line":10,"column":0},"end":{"line":10,"column":74}},"10":{"start":{"line":11,"column":0},"end":{"line":11,"column":4}},"11":{"start":{"line":12,"column":0},"end":{"line":12,"column":3}},"13":{"start":{"line":14,"column":0},"end":{"line":14,"column":30}},"14":{"start":{"line":15,"column":0},"end":{"line":15,"column":25}},"15":{"start":{"line":16,"column":0},"end":{"line":16,"column":55}},"16":{"start":{"line":17,"column":0},"end":{"line":17,"column":53}},"17":{"start":{"line":18,"column":0},"end":{"line":18,"column":5}},"18":{"start":{"line":19,"column":0},"end":{"line":19,"column":59}},"19":{"start":{"line":20,"column":0},"end":{"line":20,"column":70}},"20":{"start":{"line":21,"column":0},"end":{"line":21,"column":21}},"21":{"start":{"line":22,"column":0},"end":{"line":22,"column":43}},"22":{"start":{"line":23,"column":0},"end":{"line":23,"column":29}},"23":{"start":{"line":24,"column":0},"end":{"line":24,"column":21}},"24":{"start":{"line":25,"column":0},"end":{"line":25,"column":42}},"25":{"start":{"line":26,"column":0},"end":{"line":26,"column":6}},"26":{"start":{"line":27,"column":0},"end":{"line":27,"column":24}},"28":{"start":{"line":29,"column":0},"end":{"line":29,"column":55}},"29":{"start":{"line":30,"column":0},"end":{"line":30,"column":5}},"30":{"start":{"line":31,"column":0},"end":{"line":31,"column":65}},"31":{"start":{"line":32,"column":0},"end":{"line":32,"column":29}},"32":{"start":{"line":33,"column":0},"end":{"line":33,"column":51}},"34":{"start":{"line":35,"column":0},"end":{"line":35,"column":29}},"35":{"start":{"line":36,"column":0},"end":{"line":36,"column":58}},"36":{"start":{"line":37,"column":0},"end":{"line":37,"column":21}},"38":{"start":{"line":39,"column":0},"end":{"line":39,"column":5}},"39":{"start":{"line":40,"column":0},"end":{"line":40,"column":62}},"40":{"start":{"line":41,"column":0},"end":{"line":41,"column":29}},"41":{"start":{"line":42,"column":0},"end":{"line":42,"column":71}},"42":{"start":{"line":43,"column":0},"end":{"line":43,"column":64}},"44":{"start":{"line":45,"column":0},"end":{"line":45,"column":25}},"45":{"start":{"line":46,"column":0},"end":{"line":46,"column":26}},"46":{"start":{"line":47,"column":0},"end":{"line":47,"column":30}},"47":{"start":{"line":48,"column":0},"end":{"line":48,"column":6}},"48":{"start":{"line":49,"column":0},"end":{"line":49,"column":35}},"50":{"start":{"line":51,"column":0},"end":{"line":51,"column":59}},"51":{"start":{"line":52,"column":0},"end":{"line":52,"column":5}},"52":{"start":{"line":53,"column":0},"end":{"line":53,"column":2}}},"s":{"0":1,"4":1,"5":1,"6":1,"7":6,"8":6,"9":6,"10":6,"11":6,"13":1,"14":1,"15":1,"16":11,"17":11,"18":1,"19":3,"20":3,"21":3,"22":3,"23":3,"24":3,"25":3,"26":3,"28":3,"29":3,"30":1,"31":1,"32":1,"34":1,"35":1,"36":1,"38":1,"39":1,"40":1,"41":1,"42":1,"44":1,"45":1,"46":1,"47":1,"48":1,"50":1,"51":1,"52":1},"branchMap":{"0":{"type":"branch","line":7,"loc":{"start":{"line":7,"column":11},"end":{"line":12,"column":3}},"locations":[{"start":{"line":7,"column":11},"end":{"line":12,"column":3}}]},"1":{"type":"branch","line":16,"loc":{"start":{"line":16,"column":42},"end":{"line":18,"column":5}},"locations":[{"start":{"line":16,"column":42},"end":{"line":18,"column":5}}]},"2":{"type":"branch","line":19,"loc":{"start":{"line":19,"column":43},"end":{"line":30,"column":5}},"locations":[{"start":{"line":19,"column":43},"end":{"line":30,"column":5}}]},"3":{"type":"branch","line":31,"loc":{"start":{"line":31,"column":49},"end":{"line":39,"column":5}},"locations":[{"start":{"line":31,"column":49},"end":{"line":39,"column":5}}]},"4":{"type":"branch","line":33,"loc":{"start":{"line":33,"column":25},"end":{"line":33,"column":51}},"locations":[{"start":{"line":33,"column":25},"end":{"line":33,"column":51}}]},"5":{"type":"branch","line":40,"loc":{"start":{"line":40,"column":46},"end":{"line":52,"column":5}},"locations":[{"start":{"line":40,"column":46},"end":{"line":52,"column":5}}]},"6":{"type":"branch","line":43,"loc":{"start":{"line":43,"column":38},"end":{"line":43,"column":64}},"locations":[{"start":{"line":43,"column":38},"end":{"line":43,"column":64}}]}},"b":{"0":[6],"1":[11],"2":[3],"3":[1],"4":[3],"5":[1],"6":[3]},"fnMap":{},"f":{}}
,"C:\\Users\\homur\\Desktop\\2024_react+vite\\React-Hono-Todo-TypeScript-Cloudflare-Drizzle\\client\\src\\test\\mocks\\server.ts": {"path":"C:\\Users\\homur\\Desktop\\2024_react+vite\\React-Hono-Todo-TypeScript-Cloudflare-Drizzle\\client\\src\\test\\mocks\\server.ts","all":false,"statementMap":{"0":{"start":{"line":1,"column":0},"end":{"line":1,"column":38}},"3":{"start":{"line":4,"column":0},"end":{"line":4,"column":64}}},"s":{"0":1,"3":1},"branchMap":{},"b":{},"fnMap":{},"f":{}}
}
